[SYSTEM] - INITIALIZING OTTO-TASK-SHADOW-ARCHITECT...
[OK] - TERMUX ENVIRONMENT DETECTED (Android Kernel)
[INFO] - CONNECTING TO GITLAB API V4...
[AUTH] - TOKEN VERIFIED: Glpat-******** [ACCESS GRANTED]
[SCAN] - SCANNING REPOSITORY: ottonmq-group/otto-task-shadow-architect

-----------------------------------------------------------
TIME: 2026-02-10 | STATUS: ACTIVE
-----------------------------------------------------------

[TASK-001] - ANALYZING PROJECT STRUCTURE...
[TASK-001] - main.ts FOUND (Optimizing logical flow)
[TASK-001] - UPLOADING RECOVERY PATCH... [DONE]

[AGENT] - OTTO-TASK STARTING AUTONOMOUS MODE
[AGENT] - CHECKING FOR UNRESOLVED ISSUES...
[AGENT] - 0 CRITICAL ERRORS FOUND. SYSTEM STABLE.

[SYNC] - PUSHING LATEST COMMIT TO MAIN BRANCH...
[SYNC] - DATA TRANSFER: 10 objects | 1.2 MB/s
[SYNC] - SYNCHRONIZATION COMPLETE.

[SHADOW] - ARCHITECT MODE: ENABLED
[SHADOW] - MONITORING GITLAB PIPELINES... [IDLE]
[SHADOW] - READY FOR NEW INSTRUCTIONS...

-----------------------------------------------------------
>> END OF LOGS | SYSTEM ENCRYPTED <<
-----------------------------------------------------------
